Compiling the CXX compiler identification source file "CMakeCXXCompilerId.cpp" failed.
Compiler:  
Build flags: 
Id flags:  

The output was:
1
Microsoft (R) Build Engine версии 16.11.2+f32259642 для .NET Framework
(C) Корпорация Майкрософт (Microsoft Corporation). Все права защищены.

Сборка начата 19.09.2024 11:38:24.
Проект "C:\Users\vvojc\OneDrive\Desktop\IFTKN\MAGISTRATURAAAAAAAAAAAAAAAAAAA\LZRK\Lab1\Lab1-ClientServer\Server\build\CMakeFiles\3.20.21032501-MSVC_2\CompilerIdCXX\CompilerIdCXX.vcxproj" в узле 1 (целевые объекты по умолчанию).
C:\Users\vvojc\OneDrive\Desktop\IFTKN\MAGISTRATURAAAAAAAAAAAAAAAAAAA\LZRK\Lab1\Lab1-ClientServer\Server\build\CMakeFiles\3.20.21032501-MSVC_2\CompilerIdCXX\CompilerIdCXX.vcxproj : error MSB4025: не удалось загрузить файл проекта. Файл 'C:\Users\vvojc\OneDrive\Desktop\IFTKN\MAGISTRATURAAAAAAAAAAAAAAAAAAA\LZRK\Lab1\Lab1-ClientServer\Server\build\CMakeFiles\3.20.21032501-MSVC_2\CompilerIdCXX\CompilerIdCXX.vcxproj' не найден.
Сборка проекта "C:\Users\vvojc\OneDrive\Desktop\IFTKN\MAGISTRATURAAAAAAAAAAAAAAAAAAA\LZRK\Lab1\Lab1-ClientServer\Server\build\CMakeFiles\3.20.21032501-MSVC_2\CompilerIdCXX\CompilerIdCXX.vcxproj" завершена (целевые объекты по умолчанию) с ошибкой.

Ошибка сборки.

"C:\Users\vvojc\OneDrive\Desktop\IFTKN\MAGISTRATURAAAAAAAAAAAAAAAAAAA\LZRK\Lab1\Lab1-ClientServer\Server\build\CMakeFiles\3.20.21032501-MSVC_2\CompilerIdCXX\CompilerIdCXX.vcxproj" (целевой объект по умолчанию) (1) ->
  C:\Users\vvojc\OneDrive\Desktop\IFTKN\MAGISTRATURAAAAAAAAAAAAAAAAAAA\LZRK\Lab1\Lab1-ClientServer\Server\build\CMakeFiles\3.20.21032501-MSVC_2\CompilerIdCXX\CompilerIdCXX.vcxproj : error MSB4025: не удалось загрузить файл проекта. Файл 'C:\Users\vvojc\OneDrive\Desktop\IFTKN\MAGISTRATURAAAAAAAAAAAAAAAAAAA\LZRK\Lab1\Lab1-ClientServer\Server\build\CMakeFiles\3.20.21032501-MSVC_2\CompilerIdCXX\CompilerIdCXX.vcxproj' не найден.

    Предупреждений: 0
    Ошибок: 1

Прошло времени 00:00:00.06


Detecting C compiler ABI info failed to compile with the following output:
Change Dir: C:/Users/vvojc/OneDrive/Desktop/IFTKN/MAGISTRATURAAAAAAAAAAAAAAAAAAA/LZRK/Lab1/Lab1-ClientServer/Server/build/CMakeFiles/CMakeTmp

Run Build Command(s):C:/Program Files (x86)/Microsoft Visual Studio/2019/BuildTools/MSBuild/Current/Bin/MSBuild.exe cmTC_e5258.vcxproj /p:Configuration=Debug /p:Platform=x64 /p:VisualStudioVersion=16.0 /v:m && Microsoft (R) Build Engine версии 16.11.2+f32259642 для .NET Framework
(C) Корпорация Майкрософт (Microsoft Corporation). Все права защищены.

  Оптимизирующий компилятор Microsoft (R) C/C++ версии 19.29.30152 для x64
  (C) Корпорация Майкрософт (Microsoft Corporation).  Все права защищены.
  CMakeCCompilerABI.c
  cl /c /Zi /W3 /WX- /diagnostics:column /Od /Ob0 /D WIN32 /D _WINDOWS /D "CMAKE_INTDIR=\"Debug\"" /D _MBCS /Gm- /RTC1 /MDd /GS /fp:precise /Zc:wchar_t /Zc:forScope /Zc:inline /Fo"cmTC_e5258.dir\Debug\\" /Fd"cmTC_e5258.dir\Debug\vc142.pdb" /external:W3 /Gd /TC /errorReport:queue "C:\Program Files (x86)\Microsoft Visual Studio\2019\BuildTools\Common7\IDE\CommonExtensions\Microsoft\CMake\CMake\share\cmake-3.20\Modules\CMakeCCompilerABI.c"
  cmTC_e5258.vcxproj -> C:\Users\vvojc\OneDrive\Desktop\IFTKN\MAGISTRATURAAAAAAAAAAAAAAAAAAA\LZRK\Lab1\Lab1-ClientServer\Server\build\CMakeFiles\CMakeTmp\Debug\cmTC_e5258.exe
C:\Program Files (x86)\Microsoft Visual Studio\2019\BuildTools\MSBuild\Microsoft\VC\v160\Microsoft.CppBuild.targets(2521,5): warning : Удаленное развертывание может быть медленным или неэффективным. Не удалось найти часть пути "C:\Users\vvojc\OneDrive\Desktop\IFTKN\MAGISTRATURAAAAAAAAAAAAAAAAAAA\LZRK\Lab1\Lab1-ClientServer\Server\build\CMakeFiles\CMakeTmp\cmTC_e5258.dir\Debug\cmTC_e5258.exe.recipe". [C:\Users\vvojc\OneDrive\Desktop\IFTKN\MAGISTRATURAAAAAAAAAAAAAAAAAAA\LZRK\Lab1\Lab1-ClientServer\Server\build\CMakeFiles\CMakeTmp\cmTC_e5258.vcxproj]


Cannot copy output executable
  ''
to destination specified by COPY_FILE:
  'C:/Users/vvojc/OneDrive/Desktop/IFTKN/MAGISTRATURAAAAAAAAAAAAAAAAAAA/LZRK/Lab1/Lab1-ClientServer/Server/build/CMakeFiles/3.20.21032501-MSVC_2/CMakeDetermineCompilerABI_C.bin'
Unable to find the executable at any of:
  C:/Users/vvojc/OneDrive/Desktop/IFTKN/MAGISTRATURAAAAAAAAAAAAAAAAAAA/LZRK/Lab1/Lab1-ClientServer/Server/build/CMakeFiles/CMakeTmp/cmTC_e5258.exe
  C:/Users/vvojc/OneDrive/Desktop/IFTKN/MAGISTRATURAAAAAAAAAAAAAAAAAAA/LZRK/Lab1/Lab1-ClientServer/Server/build/CMakeFiles/CMakeTmp/Debug/cmTC_e5258.exe
  C:/Users/vvojc/OneDrive/Desktop/IFTKN/MAGISTRATURAAAAAAAAAAAAAAAAAAA/LZRK/Lab1/Lab1-ClientServer/Server/build/CMakeFiles/CMakeTmp/Development/cmTC_e5258.exe


